2022-10-13 10:41:23,475:INFO:PyCaret Supervised Module
2022-10-13 10:41:23,475:INFO:ML Usecase: classification
2022-10-13 10:41:23,475:INFO:version 2.3.10
2022-10-13 10:41:23,475:INFO:Initializing setup()
2022-10-13 10:41:23,475:INFO:setup(display=None, profile_kwargs=None, profile=False, verbose=True, silent=False, log_data=False, log_profile=False, log_plots=False, experiment_custom_tags=None, experiment_name=None, log_experiment=False, session_id=123, html=True, custom_pipeline=None, use_gpu=False, n_jobs=-1, fold_groups=None, fold_shuffle=False, fold=10, fold_strategy=stratifiedkfold, data_split_stratify=False, data_split_shuffle=True, transform_target_method=box-cox, transform_target=False, fix_imbalance_method=None, fix_imbalance=False, interaction_threshold=0.01, feature_ratio=False, feature_interaction=False, feature_selection_method=classic, feature_selection_threshold=0.8, feature_selection=False, group_names=None, group_features=None, polynomial_threshold=0.1, trigonometry_features=False, polynomial_degree=2, polynomial_features=False, cluster_iter=20, create_clusters=False, remove_perfect_collinearity=True, multicollinearity_threshold=0.9, remove_multicollinearity=False, outliers_threshold=0.05, remove_outliers=False, bin_numeric_features=None, rare_level_threshold=0.1, combine_rare_levels=False, ignore_low_variance=False, pca_components=None, pca_method=linear, pca=False, unknown_categorical_method=least_frequent, handle_unknown_categorical=True, transformation_method=yeo-johnson, transformation=False, normalize_method=zscore, normalize=False, ignore_features=None, date_features=None, numeric_iterative_imputer=lightgbm, numeric_imputation=mean, numeric_features=None, high_cardinality_method=frequency, high_cardinality_features=None, ordinal_features=None, categorical_iterative_imputer=lightgbm, categorical_imputation=constant, categorical_features=None, iterative_imputation_iters=5, imputation_type=simple, preprocess=True, test_data=None, train_size=0.7, available_plots={'parameter': 'Hyperparameters', 'auc': 'AUC', 'confusion_matrix': 'Confusion Matrix', 'threshold': 'Threshold', 'pr': 'Precision Recall', 'error': 'Prediction Error', 'class_report': 'Class Report', 'rfe': 'Feature Selection', 'learning': 'Learning Curve', 'manifold': 'Manifold Learning', 'calibration': 'Calibration Curve', 'vc': 'Validation Curve', 'dimension': 'Dimensions', 'feature': 'Feature Importance', 'feature_all': 'Feature Importance (All)', 'boundary': 'Decision Boundary', 'lift': 'Lift Chart', 'gain': 'Gain Chart', 'tree': 'Decision Tree', 'ks': 'KS Statistic Plot'}, ml_usecase=classification, target=default)
2022-10-13 10:41:23,475:INFO:Checking environment
2022-10-13 10:41:23,475:INFO:python_version: 3.6.2
2022-10-13 10:41:23,475:INFO:python_build: ('v3.6.2:5fd33b5', 'Jul  8 2017 04:57:36')
2022-10-13 10:41:23,475:INFO:machine: AMD64
2022-10-13 10:41:23,475:INFO:platform: Windows-10-10.0.19041-SP0
2022-10-13 10:41:23,475:INFO:Memory: svmem(total=16953597952, available=7751684096, percent=54.3, used=9201913856, free=7751684096)
2022-10-13 10:41:23,475:INFO:Physical Core: 8
2022-10-13 10:41:23,475:INFO:Logical Core: 16
2022-10-13 10:41:23,475:INFO:Checking libraries
2022-10-13 10:41:23,475:INFO:pd==1.1.5
2022-10-13 10:41:23,475:INFO:numpy==1.19.5
2022-10-13 10:41:23,475:INFO:sklearn==0.23.2
2022-10-13 10:41:23,475:INFO:lightgbm==3.3.3
2022-10-13 10:41:23,475:WARNING:catboost not found
2022-10-13 10:41:23,803:INFO:xgboost==1.5.2
2022-10-13 10:41:23,803:INFO:mlflow==1.23.1
2022-10-13 10:41:23,803:INFO:Checking Exceptions
2022-10-13 10:41:23,803:INFO:Declaring global variables
2022-10-13 10:41:23,803:INFO:USI: f856
2022-10-13 10:41:23,803:INFO:pycaret_globals: {'prep_pipe', 'target_param', '_available_plots', 'display_container', 'iterative_imputation_iters_param', 'master_model_container', 'experiment__', 'fold_shuffle_param', 'logging_param', '_internal_pipeline', 'X_test', 'exp_name_log', 'create_model_container', 'fold_groups_param_full', 'data_before_preprocess', 'transform_target_param', 'log_plots_param', '_gpu_n_jobs_param', '_ml_usecase', 'dashboard_logger', 'X_train', '_all_metrics', 'n_jobs_param', '_all_models', 'y_test', '_all_models_internal', 'fix_imbalance_method_param', 'y', 'imputation_classifier', 'fold_groups_param', 'html_param', 'pycaret_globals', 'transform_target_method_param', 'seed', 'y_train', 'imputation_regressor', 'fix_imbalance_param', 'USI', 'X', 'stratify_param', 'gpu_param', 'fold_generator', 'fold_param'}
2022-10-13 10:41:23,803:INFO:Preparing display monitor
2022-10-13 10:41:23,803:INFO:Preparing display monitor
2022-10-13 10:41:23,818:INFO:Importing libraries
2022-10-13 10:41:23,818:INFO:Copying data for preprocessing
2022-10-13 10:41:23,818:INFO:Declaring preprocessing parameters
2022-10-13 10:41:23,818:INFO:Creating preprocessing pipeline
2022-10-13 10:41:23,865:INFO:Preprocessing pipeline created successfully
2022-10-13 10:41:23,865:ERROR:(Process Exit): setup has been interupted with user command 'quit'. setup must rerun.
2022-10-13 10:41:23,865:INFO:Creating global containers
2022-10-13 10:41:23,865:INFO:Internal pipeline: Pipeline(memory=None, steps=[('empty_step', 'passthrough')], verbose=False)
2022-10-13 10:43:20,214:INFO:PyCaret Supervised Module
2022-10-13 10:43:20,214:INFO:ML Usecase: classification
2022-10-13 10:43:20,214:INFO:version 2.3.10
2022-10-13 10:43:20,214:INFO:Initializing setup()
2022-10-13 10:43:20,214:INFO:setup(display=None, profile_kwargs=None, profile=False, verbose=True, silent=False, log_data=False, log_profile=False, log_plots=False, experiment_custom_tags=None, experiment_name=None, log_experiment=False, session_id=123, html=True, custom_pipeline=None, use_gpu=False, n_jobs=-1, fold_groups=None, fold_shuffle=False, fold=10, fold_strategy=stratifiedkfold, data_split_stratify=False, data_split_shuffle=True, transform_target_method=box-cox, transform_target=False, fix_imbalance_method=None, fix_imbalance=False, interaction_threshold=0.01, feature_ratio=False, feature_interaction=False, feature_selection_method=classic, feature_selection_threshold=0.8, feature_selection=False, group_names=None, group_features=None, polynomial_threshold=0.1, trigonometry_features=False, polynomial_degree=2, polynomial_features=False, cluster_iter=20, create_clusters=False, remove_perfect_collinearity=True, multicollinearity_threshold=0.9, remove_multicollinearity=False, outliers_threshold=0.05, remove_outliers=False, bin_numeric_features=None, rare_level_threshold=0.1, combine_rare_levels=False, ignore_low_variance=False, pca_components=None, pca_method=linear, pca=False, unknown_categorical_method=least_frequent, handle_unknown_categorical=True, transformation_method=yeo-johnson, transformation=False, normalize_method=zscore, normalize=False, ignore_features=None, date_features=None, numeric_iterative_imputer=lightgbm, numeric_imputation=mean, numeric_features=None, high_cardinality_method=frequency, high_cardinality_features=None, ordinal_features=None, categorical_iterative_imputer=lightgbm, categorical_imputation=constant, categorical_features=None, iterative_imputation_iters=5, imputation_type=simple, preprocess=True, test_data=None, train_size=0.7, available_plots={'parameter': 'Hyperparameters', 'auc': 'AUC', 'confusion_matrix': 'Confusion Matrix', 'threshold': 'Threshold', 'pr': 'Precision Recall', 'error': 'Prediction Error', 'class_report': 'Class Report', 'rfe': 'Feature Selection', 'learning': 'Learning Curve', 'manifold': 'Manifold Learning', 'calibration': 'Calibration Curve', 'vc': 'Validation Curve', 'dimension': 'Dimensions', 'feature': 'Feature Importance', 'feature_all': 'Feature Importance (All)', 'boundary': 'Decision Boundary', 'lift': 'Lift Chart', 'gain': 'Gain Chart', 'tree': 'Decision Tree', 'ks': 'KS Statistic Plot'}, ml_usecase=classification, target=default)
2022-10-13 10:43:20,214:INFO:Checking environment
2022-10-13 10:43:20,214:INFO:python_version: 3.6.2
2022-10-13 10:43:20,214:INFO:python_build: ('v3.6.2:5fd33b5', 'Jul  8 2017 04:57:36')
2022-10-13 10:43:20,214:INFO:machine: AMD64
2022-10-13 10:43:20,214:INFO:platform: Windows-10-10.0.19041-SP0
2022-10-13 10:43:20,214:INFO:Memory: svmem(total=16953597952, available=7595106304, percent=55.2, used=9358491648, free=7595106304)
2022-10-13 10:43:20,214:INFO:Physical Core: 8
2022-10-13 10:43:20,214:INFO:Logical Core: 16
2022-10-13 10:43:20,214:INFO:Checking libraries
2022-10-13 10:43:20,214:INFO:pd==1.1.5
2022-10-13 10:43:20,214:INFO:numpy==1.19.5
2022-10-13 10:43:20,214:INFO:sklearn==0.23.2
2022-10-13 10:43:20,214:INFO:lightgbm==3.3.3
2022-10-13 10:43:20,214:WARNING:catboost not found
2022-10-13 10:43:20,308:INFO:xgboost==1.5.2
2022-10-13 10:43:20,308:INFO:mlflow==1.23.1
2022-10-13 10:43:20,308:INFO:Checking Exceptions
2022-10-13 10:43:20,308:INFO:Declaring global variables
2022-10-13 10:43:20,308:INFO:USI: 139f
2022-10-13 10:43:20,308:INFO:pycaret_globals: {'create_model_container', 'exp_name_log', 'dashboard_logger', 'X_test', 'log_plots_param', 'display_container', 'data_before_preprocess', 'iterative_imputation_iters_param', 'fold_shuffle_param', 'fold_param', 'X_train', 'fix_imbalance_method_param', 'imputation_regressor', 'fold_generator', 'seed', 'USI', 'logging_param', '_internal_pipeline', 'prep_pipe', 'X', '_ml_usecase', '_all_models_internal', 'fold_groups_param', '_gpu_n_jobs_param', 'y_train', 'y_test', '_available_plots', 'master_model_container', 'n_jobs_param', 'pycaret_globals', '_all_metrics', 'experiment__', 'html_param', 'fix_imbalance_param', 'imputation_classifier', 'transform_target_method_param', '_all_models', 'fold_groups_param_full', 'gpu_param', 'transform_target_param', 'y', 'target_param', 'stratify_param'}
2022-10-13 10:43:20,308:INFO:Preparing display monitor
2022-10-13 10:43:20,308:INFO:Preparing display monitor
2022-10-13 10:43:20,324:INFO:Importing libraries
2022-10-13 10:43:20,324:INFO:Copying data for preprocessing
2022-10-13 10:43:20,324:INFO:Declaring preprocessing parameters
2022-10-13 10:43:20,324:INFO:Creating preprocessing pipeline
2022-10-13 10:43:20,371:INFO:Preprocessing pipeline created successfully
2022-10-13 10:43:20,371:ERROR:(Process Exit): setup has been interupted with user command 'quit'. setup must rerun.
2022-10-13 10:43:20,371:INFO:Creating global containers
2022-10-13 10:43:20,371:INFO:Internal pipeline: Pipeline(memory=None, steps=[('empty_step', 'passthrough')], verbose=False)
2022-10-13 10:44:12,021:INFO:PyCaret Supervised Module
2022-10-13 10:44:12,021:INFO:ML Usecase: classification
2022-10-13 10:44:12,021:INFO:version 2.3.10
2022-10-13 10:44:12,021:INFO:Initializing setup()
2022-10-13 10:44:12,021:INFO:setup(display=None, profile_kwargs=None, profile=False, verbose=True, silent=False, log_data=False, log_profile=False, log_plots=False, experiment_custom_tags=None, experiment_name=None, log_experiment=False, session_id=123, html=True, custom_pipeline=None, use_gpu=False, n_jobs=-1, fold_groups=None, fold_shuffle=False, fold=10, fold_strategy=stratifiedkfold, data_split_stratify=False, data_split_shuffle=True, transform_target_method=box-cox, transform_target=False, fix_imbalance_method=None, fix_imbalance=False, interaction_threshold=0.01, feature_ratio=False, feature_interaction=False, feature_selection_method=classic, feature_selection_threshold=0.8, feature_selection=False, group_names=None, group_features=None, polynomial_threshold=0.1, trigonometry_features=False, polynomial_degree=2, polynomial_features=False, cluster_iter=20, create_clusters=False, remove_perfect_collinearity=True, multicollinearity_threshold=0.9, remove_multicollinearity=False, outliers_threshold=0.05, remove_outliers=False, bin_numeric_features=None, rare_level_threshold=0.1, combine_rare_levels=False, ignore_low_variance=False, pca_components=None, pca_method=linear, pca=False, unknown_categorical_method=least_frequent, handle_unknown_categorical=True, transformation_method=yeo-johnson, transformation=False, normalize_method=zscore, normalize=False, ignore_features=None, date_features=None, numeric_iterative_imputer=lightgbm, numeric_imputation=mean, numeric_features=None, high_cardinality_method=frequency, high_cardinality_features=None, ordinal_features=None, categorical_iterative_imputer=lightgbm, categorical_imputation=constant, categorical_features=None, iterative_imputation_iters=5, imputation_type=simple, preprocess=True, test_data=None, train_size=0.7, available_plots={'parameter': 'Hyperparameters', 'auc': 'AUC', 'confusion_matrix': 'Confusion Matrix', 'threshold': 'Threshold', 'pr': 'Precision Recall', 'error': 'Prediction Error', 'class_report': 'Class Report', 'rfe': 'Feature Selection', 'learning': 'Learning Curve', 'manifold': 'Manifold Learning', 'calibration': 'Calibration Curve', 'vc': 'Validation Curve', 'dimension': 'Dimensions', 'feature': 'Feature Importance', 'feature_all': 'Feature Importance (All)', 'boundary': 'Decision Boundary', 'lift': 'Lift Chart', 'gain': 'Gain Chart', 'tree': 'Decision Tree', 'ks': 'KS Statistic Plot'}, ml_usecase=classification, target=default)
2022-10-13 10:44:12,021:INFO:Checking environment
2022-10-13 10:44:12,021:INFO:python_version: 3.6.2
2022-10-13 10:44:12,021:INFO:python_build: ('v3.6.2:5fd33b5', 'Jul  8 2017 04:57:36')
2022-10-13 10:44:12,021:INFO:machine: AMD64
2022-10-13 10:44:12,021:INFO:platform: Windows-10-10.0.19041-SP0
2022-10-13 10:44:12,021:INFO:Memory: svmem(total=16953597952, available=7679520768, percent=54.7, used=9274077184, free=7679520768)
2022-10-13 10:44:12,021:INFO:Physical Core: 8
2022-10-13 10:44:12,021:INFO:Logical Core: 16
2022-10-13 10:44:12,021:INFO:Checking libraries
2022-10-13 10:44:12,021:INFO:pd==1.1.5
2022-10-13 10:44:12,021:INFO:numpy==1.19.5
2022-10-13 10:44:12,021:INFO:sklearn==0.23.2
2022-10-13 10:44:12,021:INFO:lightgbm==3.3.3
2022-10-13 10:44:12,021:WARNING:catboost not found
2022-10-13 10:44:12,115:INFO:xgboost==1.5.2
2022-10-13 10:44:12,115:INFO:mlflow==1.23.1
2022-10-13 10:44:12,115:INFO:Checking Exceptions
2022-10-13 10:44:12,115:INFO:Declaring global variables
2022-10-13 10:44:12,115:INFO:USI: 7614
2022-10-13 10:44:12,115:INFO:pycaret_globals: {'stratify_param', '_gpu_n_jobs_param', 'y', 'X', 'X_test', 'imputation_regressor', 'fold_generator', '_all_models_internal', '_all_metrics', 'target_param', 'fix_imbalance_param', 'fold_groups_param', 'transform_target_method_param', 'pycaret_globals', 'gpu_param', 'imputation_classifier', 'experiment__', '_available_plots', 'logging_param', 'fix_imbalance_method_param', '_all_models', 'USI', 'fold_shuffle_param', 'y_test', 'display_container', 'exp_name_log', 'y_train', '_internal_pipeline', 'log_plots_param', 'iterative_imputation_iters_param', 'prep_pipe', 'data_before_preprocess', '_ml_usecase', 'seed', 'create_model_container', 'X_train', 'master_model_container', 'html_param', 'transform_target_param', 'fold_groups_param_full', 'n_jobs_param', 'fold_param', 'dashboard_logger'}
2022-10-13 10:44:12,115:INFO:Preparing display monitor
2022-10-13 10:44:12,115:INFO:Preparing display monitor
2022-10-13 10:44:12,115:INFO:Importing libraries
2022-10-13 10:44:12,115:INFO:Copying data for preprocessing
2022-10-13 10:44:12,115:INFO:Declaring preprocessing parameters
2022-10-13 10:44:12,131:INFO:Creating preprocessing pipeline
2022-10-13 10:44:12,162:INFO:Preprocessing pipeline created successfully
2022-10-13 10:44:12,162:ERROR:(Process Exit): setup has been interupted with user command 'quit'. setup must rerun.
2022-10-13 10:44:12,162:INFO:Creating global containers
2022-10-13 10:44:12,177:INFO:Internal pipeline: Pipeline(memory=None, steps=[('empty_step', 'passthrough')], verbose=False)
2022-10-13 10:48:54,150:WARNING:Couldn't import catboost.CatBoostClassifier
2022-10-13 10:48:54,210:WARNING:Couldn't import catboost.CatBoostClassifier
2022-10-13 10:48:54,211:INFO:Creating grid variables
2022-10-13 10:48:54,213:INFO:create_model_container: 0
2022-10-13 10:48:54,213:INFO:master_model_container: 0
2022-10-13 10:48:54,213:INFO:display_container: 1
2022-10-13 10:48:54,216:INFO:Pipeline(memory=None,
         steps=[('dtypes',
                 DataTypes_Auto_infer(categorical_features=[],
                                      display_types=True, features_todrop=[],
                                      id_columns=[],
                                      ml_usecase='classification',
                                      numerical_features=[], target='default',
                                      time_features=[])),
                ('imputer',
                 Simple_Imputer(categorical_strategy='not_available',
                                fill_value_categorical=None,
                                fill_value_numerical=None,
                                numeric_stra...
                ('scaling', 'passthrough'), ('P_transform', 'passthrough'),
                ('binn', 'passthrough'), ('rem_outliers', 'passthrough'),
                ('cluster_all', 'passthrough'),
                ('dummy', Dummify(target='default')),
                ('fix_perfect', Remove_100(target='default')),
                ('clean_names', Clean_Colum_Names()),
                ('feature_select', 'passthrough'), ('fix_multi', 'passthrough'),
                ('dfs', 'passthrough'), ('pca', 'passthrough')],
         verbose=False)
2022-10-13 10:48:54,216:INFO:setup() succesfully completed......................................
2022-10-13 10:48:54,273:INFO:Initializing compare_models()
2022-10-13 10:48:54,273:INFO:compare_models(display=None, verbose=True, probability_threshold=None, experiment_custom_tags=None, groups=None, fit_kwargs=None, errors=ignore, turbo=True, budget_time=None, n_select=1, sort=Accuracy, cross_validation=True, round=4, fold=None, include=None, exclude=None)
2022-10-13 10:48:54,273:INFO:Checking exceptions
2022-10-13 10:48:54,274:INFO:Preparing display monitor
2022-10-13 10:48:54,274:INFO:Preparing display monitor
2022-10-13 10:48:54,282:INFO:Initializing Logistic Regression
2022-10-13 10:48:54,282:INFO:Total runtime is 0.0 minutes
2022-10-13 10:48:54,284:INFO:SubProcess create_model() called ==================================
2022-10-13 10:48:54,284:INFO:Initializing create_model()
2022-10-13 10:48:54,284:INFO:create_model(kwargs={}, return_train_score=False, display=<pycaret.internal.Display.Display object at 0x00000157AF166F28>, probability_threshold=None, add_to_model_list=True, experiment_custom_tags=None, metrics=None, system=False, verbose=False, refit=False, groups=None, fit_kwargs={}, predict=True, cross_validation=True, round=4, fold=StratifiedKFold(n_splits=10, random_state=None, shuffle=False), estimator=lr)
2022-10-13 10:48:54,284:INFO:Checking exceptions
2022-10-13 10:48:54,284:INFO:Importing libraries
2022-10-13 10:48:54,284:INFO:Copying training dataset
2022-10-13 10:48:54,298:INFO:Defining folds
2022-10-13 10:48:54,298:INFO:Declaring metric variables
2022-10-13 10:48:54,300:INFO:Importing untrained model
2022-10-13 10:48:54,302:INFO:Logistic Regression Imported succesfully
2022-10-13 10:48:54,307:INFO:Starting cross validation
2022-10-13 10:48:54,308:INFO:Cross validating with StratifiedKFold(n_splits=10, random_state=None, shuffle=False), n_jobs=-1
2022-10-13 10:48:59,580:INFO:Calculating mean and std
2022-10-13 10:48:59,582:INFO:Creating metrics dataframe
2022-10-13 10:48:59,600:INFO:Uploading results into container
2022-10-13 10:48:59,601:INFO:Uploading model into container now
2022-10-13 10:48:59,601:INFO:create_model_container: 1
2022-10-13 10:48:59,601:INFO:master_model_container: 1
2022-10-13 10:48:59,601:INFO:display_container: 2
2022-10-13 10:48:59,603:INFO:LogisticRegression(C=1.0, class_weight=None, dual=False, fit_intercept=True,
                   intercept_scaling=1, l1_ratio=None, max_iter=1000,
                   multi_class='auto', n_jobs=None, penalty='l2',
                   random_state=123, solver='lbfgs', tol=0.0001, verbose=0,
                   warm_start=False)
2022-10-13 10:48:59,603:INFO:create_model() succesfully completed......................................
2022-10-13 10:48:59,669:INFO:SubProcess create_model() end ==================================
2022-10-13 10:48:59,669:INFO:Creating metrics dataframe
2022-10-13 10:48:59,673:INFO:Initializing K Neighbors Classifier
2022-10-13 10:48:59,673:INFO:Total runtime is 0.0898553967475891 minutes
2022-10-13 10:48:59,675:INFO:SubProcess create_model() called ==================================
2022-10-13 10:48:59,675:INFO:Initializing create_model()
2022-10-13 10:48:59,675:INFO:create_model(kwargs={}, return_train_score=False, display=<pycaret.internal.Display.Display object at 0x00000157AF166F28>, probability_threshold=None, add_to_model_list=True, experiment_custom_tags=None, metrics=None, system=False, verbose=False, refit=False, groups=None, fit_kwargs={}, predict=True, cross_validation=True, round=4, fold=StratifiedKFold(n_splits=10, random_state=None, shuffle=False), estimator=knn)
2022-10-13 10:48:59,675:INFO:Checking exceptions
2022-10-13 10:48:59,675:INFO:Importing libraries
2022-10-13 10:48:59,675:INFO:Copying training dataset
2022-10-13 10:48:59,677:INFO:Defining folds
2022-10-13 10:48:59,677:INFO:Declaring metric variables
2022-10-13 10:48:59,679:INFO:Importing untrained model
2022-10-13 10:48:59,681:INFO:K Neighbors Classifier Imported succesfully
2022-10-13 10:48:59,684:INFO:Starting cross validation
2022-10-13 10:48:59,684:INFO:Cross validating with StratifiedKFold(n_splits=10, random_state=None, shuffle=False), n_jobs=-1
2022-10-13 10:49:03,008:INFO:Calculating mean and std
2022-10-13 10:49:03,009:INFO:Creating metrics dataframe
2022-10-13 10:49:03,029:INFO:Uploading results into container
2022-10-13 10:49:03,029:INFO:Uploading model into container now
2022-10-13 10:49:03,029:INFO:create_model_container: 2
2022-10-13 10:49:03,029:INFO:master_model_container: 2
2022-10-13 10:49:03,030:INFO:display_container: 2
2022-10-13 10:49:03,031:INFO:KNeighborsClassifier(algorithm='auto', leaf_size=30, metric='minkowski',
                     metric_params=None, n_jobs=-1, n_neighbors=5, p=2,
                     weights='uniform')
2022-10-13 10:49:03,031:INFO:create_model() succesfully completed......................................
2022-10-13 10:49:03,091:INFO:SubProcess create_model() end ==================================
2022-10-13 10:49:03,091:INFO:Creating metrics dataframe
2022-10-13 10:49:03,098:INFO:Initializing Naive Bayes
2022-10-13 10:49:03,098:INFO:Total runtime is 0.14693830410639444 minutes
2022-10-13 10:49:03,100:INFO:SubProcess create_model() called ==================================
2022-10-13 10:49:03,101:INFO:Initializing create_model()
2022-10-13 10:49:03,101:INFO:create_model(kwargs={}, return_train_score=False, display=<pycaret.internal.Display.Display object at 0x00000157AF166F28>, probability_threshold=None, add_to_model_list=True, experiment_custom_tags=None, metrics=None, system=False, verbose=False, refit=False, groups=None, fit_kwargs={}, predict=True, cross_validation=True, round=4, fold=StratifiedKFold(n_splits=10, random_state=None, shuffle=False), estimator=nb)
2022-10-13 10:49:03,101:INFO:Checking exceptions
2022-10-13 10:49:03,101:INFO:Importing libraries
2022-10-13 10:49:03,101:INFO:Copying training dataset
2022-10-13 10:49:03,102:INFO:Defining folds
2022-10-13 10:49:03,102:INFO:Declaring metric variables
2022-10-13 10:49:03,105:INFO:Importing untrained model
2022-10-13 10:49:03,107:INFO:Naive Bayes Imported succesfully
2022-10-13 10:49:03,112:INFO:Starting cross validation
2022-10-13 10:49:03,112:INFO:Cross validating with StratifiedKFold(n_splits=10, random_state=None, shuffle=False), n_jobs=-1
2022-10-13 10:49:03,332:INFO:Calculating mean and std
2022-10-13 10:49:03,333:INFO:Creating metrics dataframe
2022-10-13 10:49:03,339:INFO:Uploading results into container
2022-10-13 10:49:03,339:INFO:Uploading model into container now
2022-10-13 10:49:03,339:INFO:create_model_container: 3
2022-10-13 10:49:03,339:INFO:master_model_container: 3
2022-10-13 10:49:03,339:INFO:display_container: 2
2022-10-13 10:49:03,339:INFO:GaussianNB(priors=None, var_smoothing=1e-09)
2022-10-13 10:49:03,339:INFO:create_model() succesfully completed......................................
2022-10-13 10:49:03,399:INFO:SubProcess create_model() end ==================================
2022-10-13 10:49:03,400:INFO:Creating metrics dataframe
2022-10-13 10:49:03,405:INFO:Initializing Decision Tree Classifier
2022-10-13 10:49:03,405:INFO:Total runtime is 0.15204720497131347 minutes
2022-10-13 10:49:03,407:INFO:SubProcess create_model() called ==================================
2022-10-13 10:49:03,408:INFO:Initializing create_model()
2022-10-13 10:49:03,408:INFO:create_model(kwargs={}, return_train_score=False, display=<pycaret.internal.Display.Display object at 0x00000157AF166F28>, probability_threshold=None, add_to_model_list=True, experiment_custom_tags=None, metrics=None, system=False, verbose=False, refit=False, groups=None, fit_kwargs={}, predict=True, cross_validation=True, round=4, fold=StratifiedKFold(n_splits=10, random_state=None, shuffle=False), estimator=dt)
2022-10-13 10:49:03,408:INFO:Checking exceptions
2022-10-13 10:49:03,408:INFO:Importing libraries
2022-10-13 10:49:03,408:INFO:Copying training dataset
2022-10-13 10:49:03,409:INFO:Defining folds
2022-10-13 10:49:03,409:INFO:Declaring metric variables
2022-10-13 10:49:03,411:INFO:Importing untrained model
2022-10-13 10:49:03,413:INFO:Decision Tree Classifier Imported succesfully
2022-10-13 10:49:03,417:INFO:Starting cross validation
2022-10-13 10:49:03,417:INFO:Cross validating with StratifiedKFold(n_splits=10, random_state=None, shuffle=False), n_jobs=-1
2022-10-13 10:49:04,025:INFO:Calculating mean and std
2022-10-13 10:49:04,027:INFO:Creating metrics dataframe
2022-10-13 10:49:04,045:INFO:Uploading results into container
2022-10-13 10:49:04,045:INFO:Uploading model into container now
2022-10-13 10:49:04,046:INFO:create_model_container: 4
2022-10-13 10:49:04,046:INFO:master_model_container: 4
2022-10-13 10:49:04,046:INFO:display_container: 2
2022-10-13 10:49:04,047:INFO:DecisionTreeClassifier(ccp_alpha=0.0, class_weight=None, criterion='gini',
                       max_depth=None, max_features=None, max_leaf_nodes=None,
                       min_impurity_decrease=0.0, min_impurity_split=None,
                       min_samples_leaf=1, min_samples_split=2,
                       min_weight_fraction_leaf=0.0, presort='deprecated',
                       random_state=123, splitter='best')
2022-10-13 10:49:04,048:INFO:create_model() succesfully completed......................................
2022-10-13 10:49:04,120:INFO:SubProcess create_model() end ==================================
2022-10-13 10:49:04,120:INFO:Creating metrics dataframe
2022-10-13 10:49:04,126:INFO:Initializing SVM - Linear Kernel
2022-10-13 10:49:04,126:INFO:Total runtime is 0.1640674392382304 minutes
2022-10-13 10:49:04,128:INFO:SubProcess create_model() called ==================================
2022-10-13 10:49:04,128:INFO:Initializing create_model()
2022-10-13 10:49:04,128:INFO:create_model(kwargs={}, return_train_score=False, display=<pycaret.internal.Display.Display object at 0x00000157AF166F28>, probability_threshold=None, add_to_model_list=True, experiment_custom_tags=None, metrics=None, system=False, verbose=False, refit=False, groups=None, fit_kwargs={}, predict=True, cross_validation=True, round=4, fold=StratifiedKFold(n_splits=10, random_state=None, shuffle=False), estimator=svm)
2022-10-13 10:49:04,128:INFO:Checking exceptions
2022-10-13 10:49:04,128:INFO:Importing libraries
2022-10-13 10:49:04,128:INFO:Copying training dataset
2022-10-13 10:49:04,129:INFO:Defining folds
2022-10-13 10:49:04,129:INFO:Declaring metric variables
2022-10-13 10:49:04,131:INFO:Importing untrained model
2022-10-13 10:49:04,133:INFO:SVM - Linear Kernel Imported succesfully
2022-10-13 10:49:04,136:INFO:Starting cross validation
2022-10-13 10:49:04,137:INFO:Cross validating with StratifiedKFold(n_splits=10, random_state=None, shuffle=False), n_jobs=-1
2022-10-13 10:49:05,096:INFO:Calculating mean and std
2022-10-13 10:49:05,098:INFO:Creating metrics dataframe
2022-10-13 10:49:05,116:INFO:Uploading results into container
2022-10-13 10:49:05,117:INFO:Uploading model into container now
2022-10-13 10:49:05,117:INFO:create_model_container: 5
2022-10-13 10:49:05,117:INFO:master_model_container: 5
2022-10-13 10:49:05,117:INFO:display_container: 2
2022-10-13 10:49:05,119:INFO:SGDClassifier(alpha=0.0001, average=False, class_weight=None,
              early_stopping=False, epsilon=0.1, eta0=0.001, fit_intercept=True,
              l1_ratio=0.15, learning_rate='optimal', loss='hinge',
              max_iter=1000, n_iter_no_change=5, n_jobs=-1, penalty='l2',
              power_t=0.5, random_state=123, shuffle=True, tol=0.001,
              validation_fraction=0.1, verbose=0, warm_start=False)
2022-10-13 10:49:05,119:INFO:create_model() succesfully completed......................................
2022-10-13 10:49:05,188:INFO:SubProcess create_model() end ==================================
2022-10-13 10:49:05,188:INFO:Creating metrics dataframe
2022-10-13 10:49:05,193:INFO:Initializing Ridge Classifier
2022-10-13 10:49:05,193:INFO:Total runtime is 0.1818520466486613 minutes
2022-10-13 10:49:05,195:INFO:SubProcess create_model() called ==================================
2022-10-13 10:49:05,195:INFO:Initializing create_model()
2022-10-13 10:49:05,195:INFO:create_model(kwargs={}, return_train_score=False, display=<pycaret.internal.Display.Display object at 0x00000157AF166F28>, probability_threshold=None, add_to_model_list=True, experiment_custom_tags=None, metrics=None, system=False, verbose=False, refit=False, groups=None, fit_kwargs={}, predict=True, cross_validation=True, round=4, fold=StratifiedKFold(n_splits=10, random_state=None, shuffle=False), estimator=ridge)
2022-10-13 10:49:05,195:INFO:Checking exceptions
2022-10-13 10:49:05,196:INFO:Importing libraries
2022-10-13 10:49:05,196:INFO:Copying training dataset
2022-10-13 10:49:05,197:INFO:Defining folds
2022-10-13 10:49:05,197:INFO:Declaring metric variables
2022-10-13 10:49:05,198:INFO:Importing untrained model
2022-10-13 10:49:05,200:INFO:Ridge Classifier Imported succesfully
2022-10-13 10:49:05,204:INFO:Starting cross validation
2022-10-13 10:49:05,204:INFO:Cross validating with StratifiedKFold(n_splits=10, random_state=None, shuffle=False), n_jobs=-1
2022-10-13 10:49:05,404:INFO:Calculating mean and std
2022-10-13 10:49:05,406:INFO:Creating metrics dataframe
2022-10-13 10:49:05,424:INFO:Uploading results into container
2022-10-13 10:49:05,425:INFO:Uploading model into container now
2022-10-13 10:49:05,425:INFO:create_model_container: 6
2022-10-13 10:49:05,425:INFO:master_model_container: 6
2022-10-13 10:49:05,425:INFO:display_container: 2
2022-10-13 10:49:05,426:INFO:RidgeClassifier(alpha=1.0, class_weight=None, copy_X=True, fit_intercept=True,
                max_iter=None, normalize=False, random_state=123, solver='auto',
                tol=0.001)
2022-10-13 10:49:05,426:INFO:create_model() succesfully completed......................................
2022-10-13 10:49:05,488:INFO:SubProcess create_model() end ==================================
2022-10-13 10:49:05,488:INFO:Creating metrics dataframe
2022-10-13 10:49:05,493:INFO:Initializing Random Forest Classifier
2022-10-13 10:49:05,493:INFO:Total runtime is 0.18685054381688437 minutes
2022-10-13 10:49:05,495:INFO:SubProcess create_model() called ==================================
2022-10-13 10:49:05,495:INFO:Initializing create_model()
2022-10-13 10:49:05,495:INFO:create_model(kwargs={}, return_train_score=False, display=<pycaret.internal.Display.Display object at 0x00000157AF166F28>, probability_threshold=None, add_to_model_list=True, experiment_custom_tags=None, metrics=None, system=False, verbose=False, refit=False, groups=None, fit_kwargs={}, predict=True, cross_validation=True, round=4, fold=StratifiedKFold(n_splits=10, random_state=None, shuffle=False), estimator=rf)
2022-10-13 10:49:05,495:INFO:Checking exceptions
2022-10-13 10:49:05,495:INFO:Importing libraries
2022-10-13 10:49:05,495:INFO:Copying training dataset
2022-10-13 10:49:05,496:INFO:Defining folds
2022-10-13 10:49:05,497:INFO:Declaring metric variables
2022-10-13 10:49:05,498:INFO:Importing untrained model
2022-10-13 10:49:05,500:INFO:Random Forest Classifier Imported succesfully
2022-10-13 10:49:05,504:INFO:Starting cross validation
2022-10-13 10:49:05,504:INFO:Cross validating with StratifiedKFold(n_splits=10, random_state=None, shuffle=False), n_jobs=-1
2022-10-13 10:49:09,099:INFO:Calculating mean and std
2022-10-13 10:49:09,100:INFO:Creating metrics dataframe
2022-10-13 10:49:09,105:INFO:Uploading results into container
2022-10-13 10:49:09,105:INFO:Uploading model into container now
2022-10-13 10:49:09,105:INFO:create_model_container: 7
2022-10-13 10:49:09,105:INFO:master_model_container: 7
2022-10-13 10:49:09,105:INFO:display_container: 2
2022-10-13 10:49:09,105:INFO:RandomForestClassifier(bootstrap=True, ccp_alpha=0.0, class_weight=None,
                       criterion='gini', max_depth=None, max_features='auto',
                       max_leaf_nodes=None, max_samples=None,
                       min_impurity_decrease=0.0, min_impurity_split=None,
                       min_samples_leaf=1, min_samples_split=2,
                       min_weight_fraction_leaf=0.0, n_estimators=100,
                       n_jobs=-1, oob_score=False, random_state=123, verbose=0,
                       warm_start=False)
2022-10-13 10:49:09,105:INFO:create_model() succesfully completed......................................
2022-10-13 10:49:09,156:INFO:SubProcess create_model() end ==================================
2022-10-13 10:49:09,156:INFO:Creating metrics dataframe
2022-10-13 10:49:09,161:INFO:Initializing Quadratic Discriminant Analysis
2022-10-13 10:49:09,161:INFO:Total runtime is 0.24798808495203656 minutes
2022-10-13 10:49:09,163:INFO:SubProcess create_model() called ==================================
2022-10-13 10:49:09,163:INFO:Initializing create_model()
2022-10-13 10:49:09,163:INFO:create_model(kwargs={}, return_train_score=False, display=<pycaret.internal.Display.Display object at 0x00000157AF166F28>, probability_threshold=None, add_to_model_list=True, experiment_custom_tags=None, metrics=None, system=False, verbose=False, refit=False, groups=None, fit_kwargs={}, predict=True, cross_validation=True, round=4, fold=StratifiedKFold(n_splits=10, random_state=None, shuffle=False), estimator=qda)
2022-10-13 10:49:09,163:INFO:Checking exceptions
2022-10-13 10:49:09,163:INFO:Importing libraries
2022-10-13 10:49:09,163:INFO:Copying training dataset
2022-10-13 10:49:09,164:INFO:Defining folds
2022-10-13 10:49:09,164:INFO:Declaring metric variables
2022-10-13 10:49:09,166:INFO:Importing untrained model
2022-10-13 10:49:09,168:INFO:Quadratic Discriminant Analysis Imported succesfully
2022-10-13 10:49:09,178:INFO:Starting cross validation
2022-10-13 10:49:09,178:INFO:Cross validating with StratifiedKFold(n_splits=10, random_state=None, shuffle=False), n_jobs=-1
2022-10-13 10:49:10,292:INFO:Calculating mean and std
2022-10-13 10:49:10,294:INFO:Creating metrics dataframe
2022-10-13 10:49:10,314:INFO:Uploading results into container
2022-10-13 10:49:10,314:INFO:Uploading model into container now
2022-10-13 10:49:10,314:INFO:create_model_container: 8
2022-10-13 10:49:10,314:INFO:master_model_container: 8
2022-10-13 10:49:10,314:INFO:display_container: 2
2022-10-13 10:49:10,315:INFO:QuadraticDiscriminantAnalysis(priors=None, reg_param=0.0,
                              store_covariance=False, tol=0.0001)
2022-10-13 10:49:10,315:INFO:create_model() succesfully completed......................................
2022-10-13 10:49:10,403:INFO:SubProcess create_model() end ==================================
2022-10-13 10:49:10,404:INFO:Creating metrics dataframe
2022-10-13 10:49:10,409:INFO:Initializing Ada Boost Classifier
2022-10-13 10:49:10,409:INFO:Total runtime is 0.26879247824350994 minutes
2022-10-13 10:49:10,411:INFO:SubProcess create_model() called ==================================
2022-10-13 10:49:10,411:INFO:Initializing create_model()
2022-10-13 10:49:10,411:INFO:create_model(kwargs={}, return_train_score=False, display=<pycaret.internal.Display.Display object at 0x00000157AF166F28>, probability_threshold=None, add_to_model_list=True, experiment_custom_tags=None, metrics=None, system=False, verbose=False, refit=False, groups=None, fit_kwargs={}, predict=True, cross_validation=True, round=4, fold=StratifiedKFold(n_splits=10, random_state=None, shuffle=False), estimator=ada)
2022-10-13 10:49:10,411:INFO:Checking exceptions
2022-10-13 10:49:10,411:INFO:Importing libraries
2022-10-13 10:49:10,411:INFO:Copying training dataset
2022-10-13 10:49:10,412:INFO:Defining folds
2022-10-13 10:49:10,412:INFO:Declaring metric variables
2022-10-13 10:49:10,415:INFO:Importing untrained model
2022-10-13 10:49:10,417:INFO:Ada Boost Classifier Imported succesfully
2022-10-13 10:49:10,420:INFO:Starting cross validation
2022-10-13 10:49:10,421:INFO:Cross validating with StratifiedKFold(n_splits=10, random_state=None, shuffle=False), n_jobs=-1
2022-10-13 10:49:12,149:INFO:Calculating mean and std
2022-10-13 10:49:12,150:INFO:Creating metrics dataframe
2022-10-13 10:49:12,154:INFO:Uploading results into container
2022-10-13 10:49:12,154:INFO:Uploading model into container now
2022-10-13 10:49:12,154:INFO:create_model_container: 9
2022-10-13 10:49:12,154:INFO:master_model_container: 9
2022-10-13 10:49:12,154:INFO:display_container: 2
2022-10-13 10:49:12,154:INFO:AdaBoostClassifier(algorithm='SAMME.R', base_estimator=None, learning_rate=1.0,
                   n_estimators=50, random_state=123)
2022-10-13 10:49:12,154:INFO:create_model() succesfully completed......................................
2022-10-13 10:49:12,216:INFO:SubProcess create_model() end ==================================
2022-10-13 10:49:12,216:INFO:Creating metrics dataframe
2022-10-13 10:49:12,223:INFO:Initializing Gradient Boosting Classifier
2022-10-13 10:49:12,223:INFO:Total runtime is 0.29902427991231284 minutes
2022-10-13 10:49:12,225:INFO:SubProcess create_model() called ==================================
2022-10-13 10:49:12,225:INFO:Initializing create_model()
2022-10-13 10:49:12,225:INFO:create_model(kwargs={}, return_train_score=False, display=<pycaret.internal.Display.Display object at 0x00000157AF166F28>, probability_threshold=None, add_to_model_list=True, experiment_custom_tags=None, metrics=None, system=False, verbose=False, refit=False, groups=None, fit_kwargs={}, predict=True, cross_validation=True, round=4, fold=StratifiedKFold(n_splits=10, random_state=None, shuffle=False), estimator=gbc)
2022-10-13 10:49:12,225:INFO:Checking exceptions
2022-10-13 10:49:12,225:INFO:Importing libraries
2022-10-13 10:49:12,225:INFO:Copying training dataset
2022-10-13 10:49:12,227:INFO:Defining folds
2022-10-13 10:49:12,227:INFO:Declaring metric variables
2022-10-13 10:49:12,229:INFO:Importing untrained model
2022-10-13 10:49:12,231:INFO:Gradient Boosting Classifier Imported succesfully
2022-10-13 10:49:12,235:INFO:Starting cross validation
2022-10-13 10:49:12,235:INFO:Cross validating with StratifiedKFold(n_splits=10, random_state=None, shuffle=False), n_jobs=-1
2022-10-13 10:49:19,042:INFO:Calculating mean and std
2022-10-13 10:49:19,045:INFO:Creating metrics dataframe
2022-10-13 10:49:19,060:INFO:Uploading results into container
2022-10-13 10:49:19,061:INFO:Uploading model into container now
2022-10-13 10:49:19,061:INFO:create_model_container: 10
2022-10-13 10:49:19,061:INFO:master_model_container: 10
2022-10-13 10:49:19,061:INFO:display_container: 2
2022-10-13 10:49:19,062:INFO:GradientBoostingClassifier(ccp_alpha=0.0, criterion='friedman_mse', init=None,
                           learning_rate=0.1, loss='deviance', max_depth=3,
                           max_features=None, max_leaf_nodes=None,
                           min_impurity_decrease=0.0, min_impurity_split=None,
                           min_samples_leaf=1, min_samples_split=2,
                           min_weight_fraction_leaf=0.0, n_estimators=100,
                           n_iter_no_change=None, presort='deprecated',
                           random_state=123, subsample=1.0, tol=0.0001,
                           validation_fraction=0.1, verbose=0,
                           warm_start=False)
2022-10-13 10:49:19,063:INFO:create_model() succesfully completed......................................
2022-10-13 10:49:19,126:INFO:SubProcess create_model() end ==================================
2022-10-13 10:49:19,126:INFO:Creating metrics dataframe
2022-10-13 10:49:19,131:INFO:Initializing Linear Discriminant Analysis
2022-10-13 10:49:19,131:INFO:Total runtime is 0.414145557085673 minutes
2022-10-13 10:49:19,133:INFO:SubProcess create_model() called ==================================
2022-10-13 10:49:19,133:INFO:Initializing create_model()
2022-10-13 10:49:19,133:INFO:create_model(kwargs={}, return_train_score=False, display=<pycaret.internal.Display.Display object at 0x00000157AF166F28>, probability_threshold=None, add_to_model_list=True, experiment_custom_tags=None, metrics=None, system=False, verbose=False, refit=False, groups=None, fit_kwargs={}, predict=True, cross_validation=True, round=4, fold=StratifiedKFold(n_splits=10, random_state=None, shuffle=False), estimator=lda)
2022-10-13 10:49:19,133:INFO:Checking exceptions
2022-10-13 10:49:19,133:INFO:Importing libraries
2022-10-13 10:49:19,133:INFO:Copying training dataset
2022-10-13 10:49:19,134:INFO:Defining folds
2022-10-13 10:49:19,134:INFO:Declaring metric variables
2022-10-13 10:49:19,136:INFO:Importing untrained model
2022-10-13 10:49:19,138:INFO:Linear Discriminant Analysis Imported succesfully
2022-10-13 10:49:19,142:INFO:Starting cross validation
2022-10-13 10:49:19,142:INFO:Cross validating with StratifiedKFold(n_splits=10, random_state=None, shuffle=False), n_jobs=-1
2022-10-13 10:49:20,260:INFO:Calculating mean and std
2022-10-13 10:49:20,260:INFO:Creating metrics dataframe
2022-10-13 10:49:20,265:INFO:Uploading results into container
2022-10-13 10:49:20,265:INFO:Uploading model into container now
2022-10-13 10:49:20,265:INFO:create_model_container: 11
2022-10-13 10:49:20,265:INFO:master_model_container: 11
2022-10-13 10:49:20,265:INFO:display_container: 2
2022-10-13 10:49:20,265:INFO:LinearDiscriminantAnalysis(n_components=None, priors=None, shrinkage=None,
                           solver='svd', store_covariance=False, tol=0.0001)
2022-10-13 10:49:20,265:INFO:create_model() succesfully completed......................................
2022-10-13 10:49:20,322:INFO:SubProcess create_model() end ==================================
2022-10-13 10:49:20,322:INFO:Creating metrics dataframe
2022-10-13 10:49:20,327:INFO:Initializing Extra Trees Classifier
2022-10-13 10:49:20,328:INFO:Total runtime is 0.43408480882644657 minutes
2022-10-13 10:49:20,329:INFO:SubProcess create_model() called ==================================
2022-10-13 10:49:20,330:INFO:Initializing create_model()
2022-10-13 10:49:20,330:INFO:create_model(kwargs={}, return_train_score=False, display=<pycaret.internal.Display.Display object at 0x00000157AF166F28>, probability_threshold=None, add_to_model_list=True, experiment_custom_tags=None, metrics=None, system=False, verbose=False, refit=False, groups=None, fit_kwargs={}, predict=True, cross_validation=True, round=4, fold=StratifiedKFold(n_splits=10, random_state=None, shuffle=False), estimator=et)
2022-10-13 10:49:20,330:INFO:Checking exceptions
2022-10-13 10:49:20,330:INFO:Importing libraries
2022-10-13 10:49:20,330:INFO:Copying training dataset
2022-10-13 10:49:20,331:INFO:Defining folds
2022-10-13 10:49:20,331:INFO:Declaring metric variables
2022-10-13 10:49:20,333:INFO:Importing untrained model
2022-10-13 10:49:20,335:INFO:Extra Trees Classifier Imported succesfully
2022-10-13 10:49:20,338:INFO:Starting cross validation
2022-10-13 10:49:20,339:INFO:Cross validating with StratifiedKFold(n_splits=10, random_state=None, shuffle=False), n_jobs=-1
2022-10-13 10:49:23,721:INFO:Calculating mean and std
2022-10-13 10:49:23,722:INFO:Creating metrics dataframe
2022-10-13 10:49:23,726:INFO:Uploading results into container
2022-10-13 10:49:23,726:INFO:Uploading model into container now
2022-10-13 10:49:23,726:INFO:create_model_container: 12
2022-10-13 10:49:23,726:INFO:master_model_container: 12
2022-10-13 10:49:23,726:INFO:display_container: 2
2022-10-13 10:49:23,726:INFO:ExtraTreesClassifier(bootstrap=False, ccp_alpha=0.0, class_weight=None,
                     criterion='gini', max_depth=None, max_features='auto',
                     max_leaf_nodes=None, max_samples=None,
                     min_impurity_decrease=0.0, min_impurity_split=None,
                     min_samples_leaf=1, min_samples_split=2,
                     min_weight_fraction_leaf=0.0, n_estimators=100, n_jobs=-1,
                     oob_score=False, random_state=123, verbose=0,
                     warm_start=False)
2022-10-13 10:49:23,726:INFO:create_model() succesfully completed......................................
2022-10-13 10:49:23,785:INFO:SubProcess create_model() end ==================================
2022-10-13 10:49:23,786:INFO:Creating metrics dataframe
2022-10-13 10:49:23,794:INFO:Initializing Extreme Gradient Boosting
2022-10-13 10:49:23,794:INFO:Total runtime is 0.49186666806538903 minutes
2022-10-13 10:49:23,796:INFO:SubProcess create_model() called ==================================
2022-10-13 10:49:23,797:INFO:Initializing create_model()
2022-10-13 10:49:23,797:INFO:create_model(kwargs={}, return_train_score=False, display=<pycaret.internal.Display.Display object at 0x00000157AF166F28>, probability_threshold=None, add_to_model_list=True, experiment_custom_tags=None, metrics=None, system=False, verbose=False, refit=False, groups=None, fit_kwargs={}, predict=True, cross_validation=True, round=4, fold=StratifiedKFold(n_splits=10, random_state=None, shuffle=False), estimator=xgboost)
2022-10-13 10:49:23,797:INFO:Checking exceptions
2022-10-13 10:49:23,797:INFO:Importing libraries
2022-10-13 10:49:23,797:INFO:Copying training dataset
2022-10-13 10:49:23,798:INFO:Defining folds
2022-10-13 10:49:23,798:INFO:Declaring metric variables
2022-10-13 10:49:23,801:INFO:Importing untrained model
2022-10-13 10:49:23,803:INFO:Extreme Gradient Boosting Imported succesfully
2022-10-13 10:49:23,807:INFO:Starting cross validation
2022-10-13 10:49:23,808:INFO:Cross validating with StratifiedKFold(n_splits=10, random_state=None, shuffle=False), n_jobs=-1
2022-10-13 10:49:32,222:INFO:Calculating mean and std
2022-10-13 10:49:32,223:INFO:Creating metrics dataframe
2022-10-13 10:49:32,227:INFO:Uploading results into container
2022-10-13 10:49:32,227:INFO:Uploading model into container now
2022-10-13 10:49:32,227:INFO:create_model_container: 13
2022-10-13 10:49:32,227:INFO:master_model_container: 13
2022-10-13 10:49:32,227:INFO:display_container: 2
2022-10-13 10:49:32,227:INFO:XGBClassifier(base_score=None, booster='gbtree', colsample_bylevel=None,
              colsample_bynode=None, colsample_bytree=None,
              enable_categorical=False, gamma=None, gpu_id=None,
              importance_type=None, interaction_constraints=None,
              learning_rate=None, max_delta_step=None, max_depth=None,
              min_child_weight=None, missing=nan, monotone_constraints=None,
              n_estimators=100, n_jobs=-1, num_parallel_tree=None,
              objective='binary:logistic', predictor=None, random_state=123,
              reg_alpha=None, reg_lambda=None, scale_pos_weight=None,
              subsample=None, tree_method='auto', use_label_encoder=True,
              validate_parameters=None, verbosity=0)
2022-10-13 10:49:32,228:INFO:create_model() succesfully completed......................................
2022-10-13 10:49:32,287:INFO:SubProcess create_model() end ==================================
2022-10-13 10:49:32,287:INFO:Creating metrics dataframe
2022-10-13 10:49:32,293:INFO:Initializing Light Gradient Boosting Machine
2022-10-13 10:49:32,293:INFO:Total runtime is 0.6335131406784058 minutes
2022-10-13 10:49:32,295:INFO:SubProcess create_model() called ==================================
2022-10-13 10:49:32,295:INFO:Initializing create_model()
2022-10-13 10:49:32,295:INFO:create_model(kwargs={}, return_train_score=False, display=<pycaret.internal.Display.Display object at 0x00000157AF166F28>, probability_threshold=None, add_to_model_list=True, experiment_custom_tags=None, metrics=None, system=False, verbose=False, refit=False, groups=None, fit_kwargs={}, predict=True, cross_validation=True, round=4, fold=StratifiedKFold(n_splits=10, random_state=None, shuffle=False), estimator=lightgbm)
2022-10-13 10:49:32,295:INFO:Checking exceptions
2022-10-13 10:49:32,295:INFO:Importing libraries
2022-10-13 10:49:32,295:INFO:Copying training dataset
2022-10-13 10:49:32,297:INFO:Defining folds
2022-10-13 10:49:32,297:INFO:Declaring metric variables
2022-10-13 10:49:32,299:INFO:Importing untrained model
2022-10-13 10:49:32,301:INFO:Light Gradient Boosting Machine Imported succesfully
2022-10-13 10:49:32,305:INFO:Starting cross validation
2022-10-13 10:49:32,306:INFO:Cross validating with StratifiedKFold(n_splits=10, random_state=None, shuffle=False), n_jobs=-1
2022-10-13 10:49:33,252:INFO:Calculating mean and std
2022-10-13 10:49:33,253:INFO:Creating metrics dataframe
2022-10-13 10:49:33,265:INFO:Uploading results into container
2022-10-13 10:49:33,265:INFO:Uploading model into container now
2022-10-13 10:49:33,265:INFO:create_model_container: 14
2022-10-13 10:49:33,265:INFO:master_model_container: 14
2022-10-13 10:49:33,266:INFO:display_container: 2
2022-10-13 10:49:33,266:INFO:LGBMClassifier(boosting_type='gbdt', class_weight=None, colsample_bytree=1.0,
               importance_type='split', learning_rate=0.1, max_depth=-1,
               min_child_samples=20, min_child_weight=0.001, min_split_gain=0.0,
               n_estimators=100, n_jobs=-1, num_leaves=31, objective=None,
               random_state=123, reg_alpha=0.0, reg_lambda=0.0, silent='warn',
               subsample=1.0, subsample_for_bin=200000, subsample_freq=0)
2022-10-13 10:49:33,266:INFO:create_model() succesfully completed......................................
2022-10-13 10:49:33,325:INFO:SubProcess create_model() end ==================================
2022-10-13 10:49:33,325:INFO:Creating metrics dataframe
2022-10-13 10:49:33,331:INFO:Initializing Dummy Classifier
2022-10-13 10:49:33,332:INFO:Total runtime is 0.6508364836374919 minutes
2022-10-13 10:49:33,334:INFO:SubProcess create_model() called ==================================
2022-10-13 10:49:33,334:INFO:Initializing create_model()
2022-10-13 10:49:33,334:INFO:create_model(kwargs={}, return_train_score=False, display=<pycaret.internal.Display.Display object at 0x00000157AF166F28>, probability_threshold=None, add_to_model_list=True, experiment_custom_tags=None, metrics=None, system=False, verbose=False, refit=False, groups=None, fit_kwargs={}, predict=True, cross_validation=True, round=4, fold=StratifiedKFold(n_splits=10, random_state=None, shuffle=False), estimator=dummy)
2022-10-13 10:49:33,334:INFO:Checking exceptions
2022-10-13 10:49:33,334:INFO:Importing libraries
2022-10-13 10:49:33,334:INFO:Copying training dataset
2022-10-13 10:49:33,335:INFO:Defining folds
2022-10-13 10:49:33,335:INFO:Declaring metric variables
2022-10-13 10:49:33,337:INFO:Importing untrained model
2022-10-13 10:49:33,340:INFO:Dummy Classifier Imported succesfully
2022-10-13 10:49:33,345:INFO:Starting cross validation
2022-10-13 10:49:33,345:INFO:Cross validating with StratifiedKFold(n_splits=10, random_state=None, shuffle=False), n_jobs=-1
2022-10-13 10:49:33,501:INFO:Calculating mean and std
2022-10-13 10:49:33,503:INFO:Creating metrics dataframe
2022-10-13 10:49:33,520:INFO:Uploading results into container
2022-10-13 10:49:33,521:INFO:Uploading model into container now
2022-10-13 10:49:33,521:INFO:create_model_container: 15
2022-10-13 10:49:33,521:INFO:master_model_container: 15
2022-10-13 10:49:33,521:INFO:display_container: 2
2022-10-13 10:49:33,522:INFO:DummyClassifier(constant=None, random_state=123, strategy='prior')
2022-10-13 10:49:33,522:INFO:create_model() succesfully completed......................................
2022-10-13 10:49:33,594:INFO:SubProcess create_model() end ==================================
2022-10-13 10:49:33,594:INFO:Creating metrics dataframe
2022-10-13 10:49:33,607:INFO:Initializing create_model()
2022-10-13 10:49:33,607:INFO:create_model(kwargs={}, return_train_score=False, display=None, probability_threshold=None, add_to_model_list=True, experiment_custom_tags=None, metrics=None, system=False, verbose=False, refit=True, groups=None, fit_kwargs={}, predict=False, cross_validation=False, round=4, fold=StratifiedKFold(n_splits=10, random_state=None, shuffle=False), estimator=RidgeClassifier(alpha=1.0, class_weight=None, copy_X=True, fit_intercept=True,
                max_iter=None, normalize=False, random_state=123, solver='auto',
                tol=0.001))
2022-10-13 10:49:33,607:INFO:Checking exceptions
2022-10-13 10:49:33,608:INFO:Importing libraries
2022-10-13 10:49:33,608:INFO:Copying training dataset
2022-10-13 10:49:33,609:INFO:Defining folds
2022-10-13 10:49:33,609:INFO:Declaring metric variables
2022-10-13 10:49:33,609:INFO:Importing untrained model
2022-10-13 10:49:33,609:INFO:Declaring custom model
2022-10-13 10:49:33,610:INFO:Ridge Classifier Imported succesfully
2022-10-13 10:49:33,610:INFO:Cross validation set to False
2022-10-13 10:49:33,610:INFO:Fitting Model
2022-10-13 10:49:33,633:INFO:RidgeClassifier(alpha=1.0, class_weight=None, copy_X=True, fit_intercept=True,
                max_iter=None, normalize=False, random_state=123, solver='auto',
                tol=0.001)
2022-10-13 10:49:33,633:INFO:create_models() succesfully completed......................................
2022-10-13 10:49:33,719:INFO:create_model_container: 15
2022-10-13 10:49:33,719:INFO:master_model_container: 15
2022-10-13 10:49:33,719:INFO:display_container: 2
2022-10-13 10:49:33,719:INFO:RidgeClassifier(alpha=1.0, class_weight=None, copy_X=True, fit_intercept=True,
                max_iter=None, normalize=False, random_state=123, solver='auto',
                tol=0.001)
2022-10-13 10:49:33,719:INFO:compare_models() succesfully completed......................................
2022-10-13 11:15:07,146:INFO:Initializing create_model()
2022-10-13 11:15:07,146:INFO:create_model(kwargs={}, return_train_score=False, display=None, probability_threshold=None, add_to_model_list=True, experiment_custom_tags=None, metrics=None, system=True, verbose=True, refit=True, groups=None, fit_kwargs=None, predict=True, cross_validation=True, round=4, fold=None, estimator=rf)
2022-10-13 11:15:07,146:INFO:Checking exceptions
2022-10-13 11:15:25,255:INFO:PyCaret Supervised Module
2022-10-13 11:15:25,255:INFO:ML Usecase: classification
2022-10-13 11:15:25,255:INFO:version 2.3.10
2022-10-13 11:15:25,255:INFO:Initializing setup()
2022-10-13 11:15:25,255:INFO:setup(display=None, profile_kwargs=None, profile=False, verbose=True, silent=False, log_data=False, log_profile=False, log_plots=False, experiment_custom_tags=None, experiment_name=None, log_experiment=False, session_id=123, html=True, custom_pipeline=None, use_gpu=False, n_jobs=-1, fold_groups=None, fold_shuffle=False, fold=10, fold_strategy=stratifiedkfold, data_split_stratify=False, data_split_shuffle=True, transform_target_method=box-cox, transform_target=False, fix_imbalance_method=None, fix_imbalance=False, interaction_threshold=0.01, feature_ratio=False, feature_interaction=False, feature_selection_method=classic, feature_selection_threshold=0.8, feature_selection=False, group_names=None, group_features=None, polynomial_threshold=0.1, trigonometry_features=False, polynomial_degree=2, polynomial_features=False, cluster_iter=20, create_clusters=False, remove_perfect_collinearity=True, multicollinearity_threshold=0.9, remove_multicollinearity=False, outliers_threshold=0.05, remove_outliers=False, bin_numeric_features=None, rare_level_threshold=0.1, combine_rare_levels=False, ignore_low_variance=False, pca_components=None, pca_method=linear, pca=False, unknown_categorical_method=least_frequent, handle_unknown_categorical=True, transformation_method=yeo-johnson, transformation=False, normalize_method=zscore, normalize=False, ignore_features=None, date_features=None, numeric_iterative_imputer=lightgbm, numeric_imputation=mean, numeric_features=None, high_cardinality_method=frequency, high_cardinality_features=None, ordinal_features=None, categorical_iterative_imputer=lightgbm, categorical_imputation=constant, categorical_features=None, iterative_imputation_iters=5, imputation_type=simple, preprocess=True, test_data=None, train_size=0.7, available_plots={'parameter': 'Hyperparameters', 'auc': 'AUC', 'confusion_matrix': 'Confusion Matrix', 'threshold': 'Threshold', 'pr': 'Precision Recall', 'error': 'Prediction Error', 'class_report': 'Class Report', 'rfe': 'Feature Selection', 'learning': 'Learning Curve', 'manifold': 'Manifold Learning', 'calibration': 'Calibration Curve', 'vc': 'Validation Curve', 'dimension': 'Dimensions', 'feature': 'Feature Importance', 'feature_all': 'Feature Importance (All)', 'boundary': 'Decision Boundary', 'lift': 'Lift Chart', 'gain': 'Gain Chart', 'tree': 'Decision Tree', 'ks': 'KS Statistic Plot'}, ml_usecase=classification, target=default)
2022-10-13 11:15:25,255:INFO:Checking environment
2022-10-13 11:15:25,255:INFO:python_version: 3.6.2
2022-10-13 11:15:25,255:INFO:python_build: ('v3.6.2:5fd33b5', 'Jul  8 2017 04:57:36')
2022-10-13 11:15:25,255:INFO:machine: AMD64
2022-10-13 11:15:25,255:INFO:platform: Windows-10-10.0.19041-SP0
2022-10-13 11:15:25,255:INFO:Memory: svmem(total=16953597952, available=6683856896, percent=60.6, used=10269741056, free=6683856896)
2022-10-13 11:15:25,255:INFO:Physical Core: 8
2022-10-13 11:15:25,255:INFO:Logical Core: 16
2022-10-13 11:15:25,255:INFO:Checking libraries
2022-10-13 11:15:25,255:INFO:pd==1.1.5
2022-10-13 11:15:25,255:INFO:numpy==1.19.5
2022-10-13 11:15:25,255:INFO:sklearn==0.23.2
2022-10-13 11:15:25,256:INFO:lightgbm==3.3.3
2022-10-13 11:15:25,256:WARNING:catboost not found
2022-10-13 11:15:25,363:INFO:xgboost==1.5.2
2022-10-13 11:15:25,363:INFO:mlflow==1.23.1
2022-10-13 11:15:25,363:INFO:Checking Exceptions
2022-10-13 11:15:25,363:INFO:Declaring global variables
2022-10-13 11:15:25,363:INFO:USI: d51e
2022-10-13 11:15:25,363:INFO:pycaret_globals: {'imputation_classifier', 'fold_groups_param', 'y_test', 'seed', 'prep_pipe', 'fold_shuffle_param', 'pycaret_globals', 'fix_imbalance_param', 'exp_name_log', 'iterative_imputation_iters_param', '_all_models', '_all_models_internal', 'fold_param', 'display_container', '_available_plots', 'master_model_container', 'data_before_preprocess', 'create_model_container', '_all_metrics', 'logging_param', 'fix_imbalance_method_param', 'dashboard_logger', 'fold_groups_param_full', 'n_jobs_param', 'X_train', 'stratify_param', 'y', 'target_param', 'log_plots_param', 'fold_generator', 'X_test', 'y_train', 'USI', 'X', 'imputation_regressor', 'transform_target_param', 'gpu_param', 'html_param', '_internal_pipeline', 'transform_target_method_param', '_gpu_n_jobs_param', '_ml_usecase', 'experiment__'}
2022-10-13 11:15:25,363:INFO:Preparing display monitor
2022-10-13 11:15:25,363:INFO:Preparing display monitor
2022-10-13 11:15:25,370:INFO:Importing libraries
2022-10-13 11:15:25,370:INFO:Copying data for preprocessing
2022-10-13 11:15:25,373:INFO:Declaring preprocessing parameters
2022-10-13 11:15:25,375:INFO:Creating preprocessing pipeline
2022-10-13 11:15:25,425:INFO:Preprocessing pipeline created successfully
2022-10-13 11:15:25,425:ERROR:(Process Exit): setup has been interupted with user command 'quit'. setup must rerun.
2022-10-13 11:15:25,425:INFO:Creating global containers
2022-10-13 11:15:25,426:INFO:Internal pipeline: Pipeline(memory=None, steps=[('empty_step', 'passthrough')], verbose=False)
